0 info it worked if it ends with ok
1 verbose cli [ 'C:\\Program Files\\iojs\\node.exe',
1 verbose cli   'C:\\Program Files\\iojs\\node_modules\\npm\\bin\\npm-cli.js',
1 verbose cli   'run',
1 verbose cli   'protractor' ]
2 info using npm@2.7.1
3 info using node@v1.6.2
4 verbose run-script [ 'preprotractor', 'protractor', 'postprotractor' ]
5 info preprotractor testangular@0.0.0
6 verbose unsafe-perm in lifecycle true
7 info protractor testangular@0.0.0
8 verbose unsafe-perm in lifecycle true
9 info testangular@0.0.0 Failed to exec protractor script
10 verbose stack Error: testangular@0.0.0 protractor: `protractor test/e2e-tests/protractor.conf.js`
10 verbose stack Exit status 1
10 verbose stack     at EventEmitter.<anonymous> (C:\Program Files\iojs\node_modules\npm\lib\utils\lifecycle.js:213:16)
10 verbose stack     at emitTwo (events.js:87:13)
10 verbose stack     at EventEmitter.emit (events.js:169:7)
10 verbose stack     at ChildProcess.<anonymous> (C:\Program Files\iojs\node_modules\npm\lib\utils\spawn.js:14:12)
10 verbose stack     at emitTwo (events.js:87:13)
10 verbose stack     at ChildProcess.emit (events.js:169:7)
10 verbose stack     at maybeClose (child_process.js:984:16)
10 verbose stack     at Process.ChildProcess._handle.onexit (child_process.js:1057:5)
11 verbose pkgid testangular@0.0.0
12 verbose cwd C:\projects\github\test-angular
13 error Windows_NT 6.3.9600
14 error argv "C:\\Program Files\\iojs\\node.exe" "C:\\Program Files\\iojs\\node_modules\\npm\\bin\\npm-cli.js" "run" "protractor"
15 error node v1.6.2
16 error npm  v2.7.1
17 error code ELIFECYCLE
18 error testangular@0.0.0 protractor: `protractor test/e2e-tests/protractor.conf.js`
18 error Exit status 1
19 error Failed at the testangular@0.0.0 protractor script 'protractor test/e2e-tests/protractor.conf.js'.
19 error This is most likely a problem with the testangular package,
19 error not with npm itself.
19 error Tell the author that this fails on your system:
19 error     protractor test/e2e-tests/protractor.conf.js
19 error You can get their info via:
19 error     npm owner ls testangular
19 error There is likely additional logging output above.
20 verbose exit [ 1, true ]
